
*** Running vivado
    with args -log design_1_rst_ps8_0_96M_0.vds -m64 -product Vivado -mode batch -messageDb vivado.pb -notrace -source design_1_rst_ps8_0_96M_0.tcl


ECHO is off.
ECHO is off.

****** Vivado v2023.2 (64-bit)
  **** SW Build 4029153 on Fri Oct 13 20:14:34 MDT 2023
  **** IP Build 4028589 on Sat Oct 14 00:45:43 MDT 2023
  **** SharedData Build 4025554 on Tue Oct 10 17:18:54 MDT 2023
    ** Copyright 1986-2022 Xilinx, Inc. All Rights Reserved.
    ** Copyright 2022-2023 Advanced Micro Devices, Inc. All Rights Reserved.

source design_1_rst_ps8_0_96M_0.tcl -notrace
create_project: Time (s): cpu = 00:00:07 ; elapsed = 00:00:12 . Memory (MB): peak = 463.527 ; gain = 185.438
INFO: [IP_Flow 19-234] Refreshing IP repositories
INFO: [IP_Flow 19-1700] Loaded user IP repository 'c:/Users/ianng/OneDrive/Desktop/NUS/Y3S2/CG4002/cg4002-ai/hls_export'.
INFO: [IP_Flow 19-2313] Loaded Vivado IP repository 'C:/Xilinx/Vivado/2023.2/data/ip'.
INFO: [IP_Flow 19-6924] IPCACHE: Running cache check for IP inst: design_1_rst_ps8_0_96M_0
Command: synth_design -top design_1_rst_ps8_0_96M_0 -part xczu3eg-sbva484-2-i -incremental_mode off -mode out_of_context
Starting synth_design
Attempting to get a license for feature 'Synthesis' and/or device 'xczu3eg'
INFO: [Common 17-349] Got license for feature 'Synthesis' and/or device 'xczu3eg'
INFO: [Device 21-403] Loading part xczu3eg-sbva484-2-i
INFO: [Synth 8-7079] Multithreading enabled for synth_design using a maximum of 2 processes.
INFO: [Synth 8-7078] Launching helper process for spawning children vivado processes
INFO: [Synth 8-7075] Helper process launched with PID 3080
---------------------------------------------------------------------------------
Starting RTL Elaboration : Time (s): cpu = 00:00:12 ; elapsed = 00:00:19 . Memory (MB): peak = 1789.402 ; gain = 376.020
---------------------------------------------------------------------------------
INFO: [Synth 8-638] synthesizing module 'design_1_rst_ps8_0_96M_0' [c:/Users/ianng/OneDrive/Desktop/NUS/Y3S2/CG4002/cg4002-ai/indiv/indiv.gen/sources_1/bd/design_1/ip/design_1_rst_ps8_0_96M_0/synth/design_1_rst_ps8_0_96M_0.vhd:74]
	Parameter C_FAMILY bound to: zynquplus - type: string 
	Parameter C_EXT_RST_WIDTH bound to: 4 - type: integer 
	Parameter C_AUX_RST_WIDTH bound to: 4 - type: integer 
	Parameter C_EXT_RESET_HIGH bound to: 1'b0 
	Parameter C_AUX_RESET_HIGH bound to: 1'b0 
	Parameter C_NUM_BUS_RST bound to: 1 - type: integer 
	Parameter C_NUM_PERP_RST bound to: 1 - type: integer 
	Parameter C_NUM_INTERCONNECT_ARESETN bound to: 1 - type: integer 
	Parameter C_NUM_PERP_ARESETN bound to: 1 - type: integer 
INFO: [Synth 8-3491] module 'proc_sys_reset' declared at 'c:/Users/ianng/OneDrive/Desktop/NUS/Y3S2/CG4002/cg4002-ai/indiv/indiv.gen/sources_1/bd/design_1/ipshared/408c/hdl/proc_sys_reset_v5_0_vh_rfs.vhd:1271' bound to instance 'U0' of component 'proc_sys_reset' [c:/Users/ianng/OneDrive/Desktop/NUS/Y3S2/CG4002/cg4002-ai/indiv/indiv.gen/sources_1/bd/design_1/ip/design_1_rst_ps8_0_96M_0/synth/design_1_rst_ps8_0_96M_0.vhd:129]
INFO: [Synth 8-638] synthesizing module 'proc_sys_reset' [c:/Users/ianng/OneDrive/Desktop/NUS/Y3S2/CG4002/cg4002-ai/indiv/indiv.gen/sources_1/bd/design_1/ipshared/408c/hdl/proc_sys_reset_v5_0_vh_rfs.vhd:1330]
	Parameter INIT bound to: 1'b1 
INFO: [Synth 8-113] binding component instance 'FDRE_inst' to cell 'FDRE' [c:/Users/ianng/OneDrive/Desktop/NUS/Y3S2/CG4002/cg4002-ai/indiv/indiv.gen/sources_1/bd/design_1/ipshared/408c/hdl/proc_sys_reset_v5_0_vh_rfs.vhd:1399]
	Parameter INIT bound to: 1'b1 
INFO: [Synth 8-113] binding component instance 'FDRE_BSR' to cell 'FDRE' [c:/Users/ianng/OneDrive/Desktop/NUS/Y3S2/CG4002/cg4002-ai/indiv/indiv.gen/sources_1/bd/design_1/ipshared/408c/hdl/proc_sys_reset_v5_0_vh_rfs.vhd:1415]
	Parameter INIT bound to: 1'b0 
INFO: [Synth 8-113] binding component instance 'FDRE_BSR_N' to cell 'FDRE' [c:/Users/ianng/OneDrive/Desktop/NUS/Y3S2/CG4002/cg4002-ai/indiv/indiv.gen/sources_1/bd/design_1/ipshared/408c/hdl/proc_sys_reset_v5_0_vh_rfs.vhd:1441]
	Parameter INIT bound to: 1'b1 
INFO: [Synth 8-113] binding component instance 'FDRE_PER' to cell 'FDRE' [c:/Users/ianng/OneDrive/Desktop/NUS/Y3S2/CG4002/cg4002-ai/indiv/indiv.gen/sources_1/bd/design_1/ipshared/408c/hdl/proc_sys_reset_v5_0_vh_rfs.vhd:1464]
	Parameter INIT bound to: 1'b0 
INFO: [Synth 8-113] binding component instance 'FDRE_PER_N' to cell 'FDRE' [c:/Users/ianng/OneDrive/Desktop/NUS/Y3S2/CG4002/cg4002-ai/indiv/indiv.gen/sources_1/bd/design_1/ipshared/408c/hdl/proc_sys_reset_v5_0_vh_rfs.vhd:1488]
INFO: [Synth 8-638] synthesizing module 'lpf' [c:/Users/ianng/OneDrive/Desktop/NUS/Y3S2/CG4002/cg4002-ai/indiv/indiv.gen/sources_1/bd/design_1/ipshared/408c/hdl/proc_sys_reset_v5_0_vh_rfs.vhd:821]
INFO: [Synth 8-3491] module 'SRL16' declared at 'C:/Xilinx/Vivado/2023.2/scripts/rt/data/unisim_comp.v:133721' bound to instance 'POR_SRL_I' of component 'SRL16' [c:/Users/ianng/OneDrive/Desktop/NUS/Y3S2/CG4002/cg4002-ai/indiv/indiv.gen/sources_1/bd/design_1/ipshared/408c/hdl/proc_sys_reset_v5_0_vh_rfs.vhd:873]
INFO: [Synth 8-6157] synthesizing module 'SRL16' [C:/Xilinx/Vivado/2023.2/scripts/rt/data/unisim_comp.v:133721]
INFO: [Synth 8-6155] done synthesizing module 'SRL16' (0#1) [C:/Xilinx/Vivado/2023.2/scripts/rt/data/unisim_comp.v:133721]
INFO: [Synth 8-638] synthesizing module 'cdc_sync' [c:/Users/ianng/OneDrive/Desktop/NUS/Y3S2/CG4002/cg4002-ai/indiv/indiv.gen/sources_1/bd/design_1/ipshared/ef1e/hdl/lib_cdc_v1_0_rfs.vhd:106]
	Parameter INIT bound to: 1'b0 
INFO: [Synth 8-113] binding component instance 'CROSS_PLEVEL_IN2SCNDRY_IN_cdc_to' to cell 'FDR' [c:/Users/ianng/OneDrive/Desktop/NUS/Y3S2/CG4002/cg4002-ai/indiv/indiv.gen/sources_1/bd/design_1/ipshared/ef1e/hdl/lib_cdc_v1_0_rfs.vhd:514]
	Parameter INIT bound to: 1'b0 
INFO: [Synth 8-113] binding component instance 'CROSS_PLEVEL_IN2SCNDRY_s_level_out_d2' to cell 'FDR' [c:/Users/ianng/OneDrive/Desktop/NUS/Y3S2/CG4002/cg4002-ai/indiv/indiv.gen/sources_1/bd/design_1/ipshared/ef1e/hdl/lib_cdc_v1_0_rfs.vhd:545]
	Parameter INIT bound to: 1'b0 
INFO: [Synth 8-113] binding component instance 'CROSS_PLEVEL_IN2SCNDRY_s_level_out_d3' to cell 'FDR' [c:/Users/ianng/OneDrive/Desktop/NUS/Y3S2/CG4002/cg4002-ai/indiv/indiv.gen/sources_1/bd/design_1/ipshared/ef1e/hdl/lib_cdc_v1_0_rfs.vhd:554]
	Parameter INIT bound to: 1'b0 
INFO: [Synth 8-113] binding component instance 'CROSS_PLEVEL_IN2SCNDRY_s_level_out_d4' to cell 'FDR' [c:/Users/ianng/OneDrive/Desktop/NUS/Y3S2/CG4002/cg4002-ai/indiv/indiv.gen/sources_1/bd/design_1/ipshared/ef1e/hdl/lib_cdc_v1_0_rfs.vhd:564]
	Parameter INIT bound to: 1'b0 
INFO: [Synth 8-113] binding component instance 'CROSS_PLEVEL_IN2SCNDRY_s_level_out_d5' to cell 'FDR' [c:/Users/ianng/OneDrive/Desktop/NUS/Y3S2/CG4002/cg4002-ai/indiv/indiv.gen/sources_1/bd/design_1/ipshared/ef1e/hdl/lib_cdc_v1_0_rfs.vhd:574]
	Parameter INIT bound to: 1'b0 
INFO: [Synth 8-113] binding component instance 'CROSS_PLEVEL_IN2SCNDRY_s_level_out_d6' to cell 'FDR' [c:/Users/ianng/OneDrive/Desktop/NUS/Y3S2/CG4002/cg4002-ai/indiv/indiv.gen/sources_1/bd/design_1/ipshared/ef1e/hdl/lib_cdc_v1_0_rfs.vhd:584]
INFO: [Synth 8-256] done synthesizing module 'cdc_sync' (0#1) [c:/Users/ianng/OneDrive/Desktop/NUS/Y3S2/CG4002/cg4002-ai/indiv/indiv.gen/sources_1/bd/design_1/ipshared/ef1e/hdl/lib_cdc_v1_0_rfs.vhd:106]
INFO: [Synth 8-256] done synthesizing module 'lpf' (0#1) [c:/Users/ianng/OneDrive/Desktop/NUS/Y3S2/CG4002/cg4002-ai/indiv/indiv.gen/sources_1/bd/design_1/ipshared/408c/hdl/proc_sys_reset_v5_0_vh_rfs.vhd:821]
INFO: [Synth 8-638] synthesizing module 'sequence_psr' [c:/Users/ianng/OneDrive/Desktop/NUS/Y3S2/CG4002/cg4002-ai/indiv/indiv.gen/sources_1/bd/design_1/ipshared/408c/hdl/proc_sys_reset_v5_0_vh_rfs.vhd:304]
INFO: [Synth 8-638] synthesizing module 'upcnt_n' [c:/Users/ianng/OneDrive/Desktop/NUS/Y3S2/CG4002/cg4002-ai/indiv/indiv.gen/sources_1/bd/design_1/ipshared/408c/hdl/proc_sys_reset_v5_0_vh_rfs.vhd:126]
INFO: [Synth 8-256] done synthesizing module 'upcnt_n' (0#1) [c:/Users/ianng/OneDrive/Desktop/NUS/Y3S2/CG4002/cg4002-ai/indiv/indiv.gen/sources_1/bd/design_1/ipshared/408c/hdl/proc_sys_reset_v5_0_vh_rfs.vhd:126]
INFO: [Synth 8-256] done synthesizing module 'sequence_psr' (0#1) [c:/Users/ianng/OneDrive/Desktop/NUS/Y3S2/CG4002/cg4002-ai/indiv/indiv.gen/sources_1/bd/design_1/ipshared/408c/hdl/proc_sys_reset_v5_0_vh_rfs.vhd:304]
INFO: [Synth 8-256] done synthesizing module 'proc_sys_reset' (0#1) [c:/Users/ianng/OneDrive/Desktop/NUS/Y3S2/CG4002/cg4002-ai/indiv/indiv.gen/sources_1/bd/design_1/ipshared/408c/hdl/proc_sys_reset_v5_0_vh_rfs.vhd:1330]
INFO: [Synth 8-256] done synthesizing module 'design_1_rst_ps8_0_96M_0' (0#1) [c:/Users/ianng/OneDrive/Desktop/NUS/Y3S2/CG4002/cg4002-ai/indiv/indiv.gen/sources_1/bd/design_1/ip/design_1_rst_ps8_0_96M_0/synth/design_1_rst_ps8_0_96M_0.vhd:74]
WARNING: [Synth 8-7129] Port prmry_aclk in module cdc_sync is either unconnected or has no load
WARNING: [Synth 8-7129] Port prmry_resetn in module cdc_sync is either unconnected or has no load
WARNING: [Synth 8-7129] Port prmry_vect_in[1] in module cdc_sync is either unconnected or has no load
WARNING: [Synth 8-7129] Port prmry_vect_in[0] in module cdc_sync is either unconnected or has no load
WARNING: [Synth 8-7129] Port scndry_resetn in module cdc_sync is either unconnected or has no load
---------------------------------------------------------------------------------
Finished RTL Elaboration : Time (s): cpu = 00:00:16 ; elapsed = 00:00:25 . Memory (MB): peak = 1904.930 ; gain = 491.547
---------------------------------------------------------------------------------
---------------------------------------------------------------------------------
Start Handling Custom Attributes
---------------------------------------------------------------------------------
---------------------------------------------------------------------------------
Finished Handling Custom Attributes : Time (s): cpu = 00:00:16 ; elapsed = 00:00:25 . Memory (MB): peak = 1904.930 ; gain = 491.547
---------------------------------------------------------------------------------
---------------------------------------------------------------------------------
Finished RTL Optimization Phase 1 : Time (s): cpu = 00:00:16 ; elapsed = 00:00:25 . Memory (MB): peak = 1904.930 ; gain = 491.547
---------------------------------------------------------------------------------
Netlist sorting complete. Time (s): cpu = 00:00:00 ; elapsed = 00:00:00.004 . Memory (MB): peak = 1904.930 ; gain = 0.000
INFO: [Netlist 29-17] Analyzing 13 Unisim elements for replacement
INFO: [Netlist 29-28] Unisim Transformation completed in 0 CPU seconds

*** Running vivado
    with args -log design_1_rst_ps8_0_96M_0.vds -m64 -product Vivado -mode batch -messageDb vivado.pb -notrace -source design_1_rst_ps8_0_96M_0.tcl


ECHO is off.
ECHO is off.

****** Vivado v2023.2 (64-bit)
  **** SW Build 4029153 on Fri Oct 13 20:14:34 MDT 2023
  **** IP Build 4028589 on Sat Oct 14 00:45:43 MDT 2023
  **** SharedData Build 4025554 on Tue Oct 10 17:18:54 MDT 2023
    ** Copyright 1986-2022 Xilinx, Inc. All Rights Reserved.
    ** Copyright 2022-2023 Advanced Micro Devices, Inc. All Rights Reserved.

source design_1_rst_ps8_0_96M_0.tcl -notrace
create_project: Time (s): cpu = 00:00:10 ; elapsed = 00:00:18 . Memory (MB): peak = 462.082 ; gain = 182.293
INFO: [IP_Flow 19-234] Refreshing IP repositories
INFO: [IP_Flow 19-1700] Loaded user IP repository 'c:/Users/ianng/OneDrive/Desktop/NUS/Y3S2/CG4002/cg4002-ai/hls_export'.
INFO: [IP_Flow 19-2313] Loaded Vivado IP repository 'C:/Xilinx/Vivado/2023.2/data/ip'.
update_ip_catalog: Time (s): cpu = 00:00:03 ; elapsed = 00:00:07 . Memory (MB): peak = 481.168 ; gain = 19.086
INFO: [IP_Flow 19-6924] IPCACHE: Running cache check for IP inst: design_1_rst_ps8_0_96M_0
Command: synth_design -top design_1_rst_ps8_0_96M_0 -part xczu3eg-sbva484-2-i -incremental_mode off -mode out_of_context
Starting synth_design
Attempting to get a license for feature 'Synthesis' and/or device 'xczu3eg'
INFO: [Common 17-349] Got license for feature 'Synthesis' and/or device 'xczu3eg'
INFO: [Device 21-403] Loading part xczu3eg-sbva484-2-i
INFO: [Synth 8-7079] Multithreading enabled for synth_design using a maximum of 2 processes.
INFO: [Synth 8-7078] Launching helper process for spawning children vivado processes
INFO: [Synth 8-7075] Helper process launched with PID 14068
---------------------------------------------------------------------------------
Starting RTL Elaboration : Time (s): cpu = 00:00:15 ; elapsed = 00:00:20 . Memory (MB): peak = 1789.738 ; gain = 375.945
---------------------------------------------------------------------------------
INFO: [Synth 8-638] synthesizing module 'design_1_rst_ps8_0_96M_0' [c:/Users/ianng/OneDrive/Desktop/NUS/Y3S2/CG4002/cg4002-ai/indiv/indiv.gen/sources_1/bd/design_1/ip/design_1_rst_ps8_0_96M_0/synth/design_1_rst_ps8_0_96M_0.vhd:74]
	Parameter C_FAMILY bound to: zynquplus - type: string 
	Parameter C_EXT_RST_WIDTH bound to: 4 - type: integer 
	Parameter C_AUX_RST_WIDTH bound to: 4 - type: integer 
	Parameter C_EXT_RESET_HIGH bound to: 1'b0 
	Parameter C_AUX_RESET_HIGH bound to: 1'b0 
	Parameter C_NUM_BUS_RST bound to: 1 - type: integer 
	Parameter C_NUM_PERP_RST bound to: 1 - type: integer 
	Parameter C_NUM_INTERCONNECT_ARESETN bound to: 1 - type: integer 
	Parameter C_NUM_PERP_ARESETN bound to: 1 - type: integer 
INFO: [Synth 8-3491] module 'proc_sys_reset' declared at 'c:/Users/ianng/OneDrive/Desktop/NUS/Y3S2/CG4002/cg4002-ai/indiv/indiv.gen/sources_1/bd/design_1/ipshared/408c/hdl/proc_sys_reset_v5_0_vh_rfs.vhd:1271' bound to instance 'U0' of component 'proc_sys_reset' [c:/Users/ianng/OneDrive/Desktop/NUS/Y3S2/CG4002/cg4002-ai/indiv/indiv.gen/sources_1/bd/design_1/ip/design_1_rst_ps8_0_96M_0/synth/design_1_rst_ps8_0_96M_0.vhd:129]
INFO: [Synth 8-638] synthesizing module 'proc_sys_reset' [c:/Users/ianng/OneDrive/Desktop/NUS/Y3S2/CG4002/cg4002-ai/indiv/indiv.gen/sources_1/bd/design_1/ipshared/408c/hdl/proc_sys_reset_v5_0_vh_rfs.vhd:1330]
	Parameter INIT bound to: 1'b1 
INFO: [Synth 8-113] binding component instance 'FDRE_inst' to cell 'FDRE' [c:/Users/ianng/OneDrive/Desktop/NUS/Y3S2/CG4002/cg4002-ai/indiv/indiv.gen/sources_1/bd/design_1/ipshared/408c/hdl/proc_sys_reset_v5_0_vh_rfs.vhd:1399]
	Parameter INIT bound to: 1'b1 
INFO: [Synth 8-113] binding component instance 'FDRE_BSR' to cell 'FDRE' [c:/Users/ianng/OneDrive/Desktop/NUS/Y3S2/CG4002/cg4002-ai/indiv/indiv.gen/sources_1/bd/design_1/ipshared/408c/hdl/proc_sys_reset_v5_0_vh_rfs.vhd:1415]
	Parameter INIT bound to: 1'b0 
INFO: [Synth 8-113] binding component instance 'FDRE_BSR_N' to cell 'FDRE' [c:/Users/ianng/OneDrive/Desktop/NUS/Y3S2/CG4002/cg4002-ai/indiv/indiv.gen/sources_1/bd/design_1/ipshared/408c/hdl/proc_sys_reset_v5_0_vh_rfs.vhd:1441]
	Parameter INIT bound to: 1'b1 
INFO: [Synth 8-113] binding component instance 'FDRE_PER' to cell 'FDRE' [c:/Users/ianng/OneDrive/Desktop/NUS/Y3S2/CG4002/cg4002-ai/indiv/indiv.gen/sources_1/bd/design_1/ipshared/408c/hdl/proc_sys_reset_v5_0_vh_rfs.vhd:1464]
	Parameter INIT bound to: 1'b0 
INFO: [Synth 8-113] binding component instance 'FDRE_PER_N' to cell 'FDRE' [c:/Users/ianng/OneDrive/Desktop/NUS/Y3S2/CG4002/cg4002-ai/indiv/indiv.gen/sources_1/bd/design_1/ipshared/408c/hdl/proc_sys_reset_v5_0_vh_rfs.vhd:1488]
INFO: [Synth 8-638] synthesizing module 'lpf' [c:/Users/ianng/OneDrive/Desktop/NUS/Y3S2/CG4002/cg4002-ai/indiv/indiv.gen/sources_1/bd/design_1/ipshared/408c/hdl/proc_sys_reset_v5_0_vh_rfs.vhd:821]
INFO: [Synth 8-3491] module 'SRL16' declared at 'C:/Xilinx/Vivado/2023.2/scripts/rt/data/unisim_comp.v:133721' bound to instance 'POR_SRL_I' of component 'SRL16' [c:/Users/ianng/OneDrive/Desktop/NUS/Y3S2/CG4002/cg4002-ai/indiv/indiv.gen/sources_1/bd/design_1/ipshared/408c/hdl/proc_sys_reset_v5_0_vh_rfs.vhd:873]
INFO: [Synth 8-6157] synthesizing module 'SRL16' [C:/Xilinx/Vivado/2023.2/scripts/rt/data/unisim_comp.v:133721]
INFO: [Synth 8-6155] done synthesizing module 'SRL16' (0#1) [C:/Xilinx/Vivado/2023.2/scripts/rt/data/unisim_comp.v:133721]
INFO: [Synth 8-638] synthesizing module 'cdc_sync' [c:/Users/ianng/OneDrive/Desktop/NUS/Y3S2/CG4002/cg4002-ai/indiv/indiv.gen/sources_1/bd/design_1/ipshared/ef1e/hdl/lib_cdc_v1_0_rfs.vhd:106]
	Parameter INIT bound to: 1'b0 
INFO: [Synth 8-113] binding component instance 'CROSS_PLEVEL_IN2SCNDRY_IN_cdc_to' to cell 'FDR' [c:/Users/ianng/OneDrive/Desktop/NUS/Y3S2/CG4002/cg4002-ai/indiv/indiv.gen/sources_1/bd/design_1/ipshared/ef1e/hdl/lib_cdc_v1_0_rfs.vhd:514]
	Parameter INIT bound to: 1'b0 
INFO: [Synth 8-113] binding component instance 'CROSS_PLEVEL_IN2SCNDRY_s_level_out_d2' to cell 'FDR' [c:/Users/ianng/OneDrive/Desktop/NUS/Y3S2/CG4002/cg4002-ai/indiv/indiv.gen/sources_1/bd/design_1/ipshared/ef1e/hdl/lib_cdc_v1_0_rfs.vhd:545]
	Parameter INIT bound to: 1'b0 
INFO: [Synth 8-113] binding component instance 'CROSS_PLEVEL_IN2SCNDRY_s_level_out_d3' to cell 'FDR' [c:/Users/ianng/OneDrive/Desktop/NUS/Y3S2/CG4002/cg4002-ai/indiv/indiv.gen/sources_1/bd/design_1/ipshared/ef1e/hdl/lib_cdc_v1_0_rfs.vhd:554]
	Parameter INIT bound to: 1'b0 
INFO: [Synth 8-113] binding component instance 'CROSS_PLEVEL_IN2SCNDRY_s_level_out_d4' to cell 'FDR' [c:/Users/ianng/OneDrive/Desktop/NUS/Y3S2/CG4002/cg4002-ai/indiv/indiv.gen/sources_1/bd/design_1/ipshared/ef1e/hdl/lib_cdc_v1_0_rfs.vhd:564]
	Parameter INIT bound to: 1'b0 
INFO: [Synth 8-113] binding component instance 'CROSS_PLEVEL_IN2SCNDRY_s_level_out_d5' to cell 'FDR' [c:/Users/ianng/OneDrive/Desktop/NUS/Y3S2/CG4002/cg4002-ai/indiv/indiv.gen/sources_1/bd/design_1/ipshared/ef1e/hdl/lib_cdc_v1_0_rfs.vhd:574]
	Parameter INIT bound to: 1'b0 
INFO: [Synth 8-113] binding component instance 'CROSS_PLEVEL_IN2SCNDRY_s_level_out_d6' to cell 'FDR' [c:/Users/ianng/OneDrive/Desktop/NUS/Y3S2/CG4002/cg4002-ai/indiv/indiv.gen/sources_1/bd/design_1/ipshared/ef1e/hdl/lib_cdc_v1_0_rfs.vhd:584]
INFO: [Synth 8-256] done synthesizing module 'cdc_sync' (0#1) [c:/Users/ianng/OneDrive/Desktop/NUS/Y3S2/CG4002/cg4002-ai/indiv/indiv.gen/sources_1/bd/design_1/ipshared/ef1e/hdl/lib_cdc_v1_0_rfs.vhd:106]
INFO: [Synth 8-256] done synthesizing module 'lpf' (0#1) [c:/Users/ianng/OneDrive/Desktop/NUS/Y3S2/CG4002/cg4002-ai/indiv/indiv.gen/sources_1/bd/design_1/ipshared/408c/hdl/proc_sys_reset_v5_0_vh_rfs.vhd:821]
INFO: [Synth 8-638] synthesizing module 'sequence_psr' [c:/Users/ianng/OneDrive/Desktop/NUS/Y3S2/CG4002/cg4002-ai/indiv/indiv.gen/sources_1/bd/design_1/ipshared/408c/hdl/proc_sys_reset_v5_0_vh_rfs.vhd:304]
INFO: [Synth 8-638] synthesizing module 'upcnt_n' [c:/Users/ianng/OneDrive/Desktop/NUS/Y3S2/CG4002/cg4002-ai/indiv/indiv.gen/sources_1/bd/design_1/ipshared/408c/hdl/proc_sys_reset_v5_0_vh_rfs.vhd:126]
INFO: [Synth 8-256] done synthesizing module 'upcnt_n' (0#1) [c:/Users/ianng/OneDrive/Desktop/NUS/Y3S2/CG4002/cg4002-ai/indiv/indiv.gen/sources_1/bd/design_1/ipshared/408c/hdl/proc_sys_reset_v5_0_vh_rfs.vhd:126]
INFO: [Synth 8-256] done synthesizing module 'sequence_psr' (0#1) [c:/Users/ianng/OneDrive/Desktop/NUS/Y3S2/CG4002/cg4002-ai/indiv/indiv.gen/sources_1/bd/design_1/ipshared/408c/hdl/proc_sys_reset_v5_0_vh_rfs.vhd:304]
INFO: [Synth 8-256] done synthesizing module 'proc_sys_reset' (0#1) [c:/Users/ianng/OneDrive/Desktop/NUS/Y3S2/CG4002/cg4002-ai/indiv/indiv.gen/sources_1/bd/design_1/ipshared/408c/hdl/proc_sys_reset_v5_0_vh_rfs.vhd:1330]
INFO: [Synth 8-256] done synthesizing module 'design_1_rst_ps8_0_96M_0' (0#1) [c:/Users/ianng/OneDrive/Desktop/NUS/Y3S2/CG4002/cg4002-ai/indiv/indiv.gen/sources_1/bd/design_1/ip/design_1_rst_ps8_0_96M_0/synth/design_1_rst_ps8_0_96M_0.vhd:74]
WARNING: [Synth 8-7129] Port prmry_aclk in module cdc_sync is either unconnected or has no load
WARNING: [Synth 8-7129] Port prmry_resetn in module cdc_sync is either unconnected or has no load
WARNING: [Synth 8-7129] Port prmry_vect_in[1] in module cdc_sync is either unconnected or has no load
WARNING: [Synth 8-7129] Port prmry_vect_in[0] in module cdc_sync is either unconnected or has no load
WARNING: [Synth 8-7129] Port scndry_resetn in module cdc_sync is either unconnected or has no load
---------------------------------------------------------------------------------
Finished RTL Elaboration : Time (s): cpu = 00:00:19 ; elapsed = 00:00:25 . Memory (MB): peak = 1903.945 ; gain = 490.152
---------------------------------------------------------------------------------
---------------------------------------------------------------------------------
Start Handling Custom Attributes
---------------------------------------------------------------------------------
---------------------------------------------------------------------------------
Finished Handling Custom Attributes : Time (s): cpu = 00:00:19 ; elapsed = 00:00:26 . Memory (MB): peak = 1903.945 ; gain = 490.152
---------------------------------------------------------------------------------
---------------------------------------------------------------------------------
Finished RTL Optimization Phase 1 : Time (s): cpu = 00:00:19 ; elapsed = 00:00:26 . Memory (MB): peak = 1903.945 ; gain = 490.152
---------------------------------------------------------------------------------
Netlist sorting complete. Time (s): cpu = 00:00:00 ; elapsed = 00:00:00.001 . Memory (MB): peak = 1903.945 ; gain = 0.000
INFO: [Netlist 29-17] Analyzing 13 Unisim elements for replacement
INFO: [Netlist 29-28] Unisim Transformation completed in 0 CPU seconds
INFO: [Project 1-570] Preparing netlist for logic optimization

Processing XDC Constraints
Initializing timing engine
Parsing XDC File [c:/Users/ianng/OneDrive/Desktop/NUS/Y3S2/CG4002/cg4002-ai/indiv/indiv.gen/sources_1/bd/design_1/ip/design_1_rst_ps8_0_96M_0/design_1_rst_ps8_0_96M_0_ooc.xdc] for cell 'U0'
create_clock: Time (s): cpu = 00:00:09 ; elapsed = 00:00:11 . Memory (MB): peak = 2004.539 ; gain = 2.062
Finished Parsing XDC File [c:/Users/ianng/OneDrive/Desktop/NUS/Y3S2/CG4002/cg4002-ai/indiv/indiv.gen/sources_1/bd/design_1/ip/design_1_rst_ps8_0_96M_0/design_1_rst_ps8_0_96M_0_ooc.xdc] for cell 'U0'
Parsing XDC File [c:/Users/ianng/OneDrive/Desktop/NUS/Y3S2/CG4002/cg4002-ai/indiv/indiv.gen/sources_1/bd/design_1/ip/design_1_rst_ps8_0_96M_0/design_1_rst_ps8_0_96M_0_board.xdc] for cell 'U0'
Finished Parsing XDC File [c:/Users/ianng/OneDrive/Desktop/NUS/Y3S2/CG4002/cg4002-ai/indiv/indiv.gen/sources_1/bd/design_1/ip/design_1_rst_ps8_0_96M_0/design_1_rst_ps8_0_96M_0_board.xdc] for cell 'U0'
Parsing XDC File [c:/Users/ianng/OneDrive/Desktop/NUS/Y3S2/CG4002/cg4002-ai/indiv/indiv.gen/sources_1/bd/design_1/ip/design_1_rst_ps8_0_96M_0/design_1_rst_ps8_0_96M_0.xdc] for cell 'U0'
Finished Parsing XDC File [c:/Users/ianng/OneDrive/Desktop/NUS/Y3S2/CG4002/cg4002-ai/indiv/indiv.gen/sources_1/bd/design_1/ip/design_1_rst_ps8_0_96M_0/design_1_rst_ps8_0_96M_0.xdc] for cell 'U0'
INFO: [Project 1-236] Implementation specific constraints were found while reading constraint file [c:/Users/ianng/OneDrive/Desktop/NUS/Y3S2/CG4002/cg4002-ai/indiv/indiv.gen/sources_1/bd/design_1/ip/design_1_rst_ps8_0_96M_0/design_1_rst_ps8_0_96M_0.xdc]. These constraints will be ignored for synthesis but will be used in implementation. Impacted constraints are listed in the file [.Xil/design_1_rst_ps8_0_96M_0_propImpl.xdc].
Resolution: To avoid this warning, move constraints listed in [.Xil/design_1_rst_ps8_0_96M_0_propImpl.xdc] to another XDC file and exclude this new file from synthesis with the used_in_synthesis property (File Properties dialog in GUI) and re-run elaboration/synthesis.
Parsing XDC File [C:/Users/ianng/OneDrive/Desktop/NUS/Y3S2/CG4002/cg4002-ai/indiv/indiv.runs/design_1_rst_ps8_0_96M_0_synth_1/dont_touch.xdc]
Finished Parsing XDC File [C:/Users/ianng/OneDrive/Desktop/NUS/Y3S2/CG4002/cg4002-ai/indiv/indiv.runs/design_1_rst_ps8_0_96M_0_synth_1/dont_touch.xdc]
Completed Processing XDC Constraints

Netlist sorting complete. Time (s): cpu = 00:00:00 ; elapsed = 00:00:00 . Memory (MB): peak = 2004.539 ; gain = 0.000
INFO: [Project 1-111] Unisim Transformation Summary:
  A total of 13 instances were transformed.
  FDR => FDRE: 12 instances
  SRL16 => SRL16E: 1 instance 

The system cannot find the path specified.
Constraint Validation Runtime : Time (s): cpu = 00:00:00 ; elapsed = 00:00:00.059 . Memory (MB): peak = 2004.539 ; gain = 0.000
INFO: [Designutils 20-5008] Incremental synthesis strategy off
---------------------------------------------------------------------------------
Finished Constraint Validation : Time (s): cpu = 00:00:41 ; elapsed = 00:00:55 . Memory (MB): peak = 2004.539 ; gain = 590.746
---------------------------------------------------------------------------------
---------------------------------------------------------------------------------
Start Loading Part and Timing Information
---------------------------------------------------------------------------------
Loading part: xczu3eg-sbva484-2-i
INFO: [Synth 8-6742] Reading net delay rules and data
---------------------------------------------------------------------------------
Finished Loading Part and Timing Information : Time (s): cpu = 00:00:41 ; elapsed = 00:00:55 . Memory (MB): peak = 2004.539 ; gain = 590.746
---------------------------------------------------------------------------------
---------------------------------------------------------------------------------
Start Applying 'set_property' XDC Constraints
---------------------------------------------------------------------------------
Applied set_property KEEP_HIERARCHY = SOFT for U0. (constraint file  C:/Users/ianng/OneDrive/Desktop/NUS/Y3S2/CG4002/cg4002-ai/indiv/indiv.runs/design_1_rst_ps8_0_96M_0_synth_1/dont_touch.xdc, line 9).
---------------------------------------------------------------------------------
Finished applying 'set_property' XDC Constraints : Time (s): cpu = 00:00:41 ; elapsed = 00:00:55 . Memory (MB): peak = 2004.539 ; gain = 590.746
---------------------------------------------------------------------------------
---------------------------------------------------------------------------------
Finished RTL Optimization Phase 2 : Time (s): cpu = 00:00:41 ; elapsed = 00:00:56 . Memory (MB): peak = 2004.539 ; gain = 590.746
---------------------------------------------------------------------------------
---------------------------------------------------------------------------------
Start RTL Component Statistics 
---------------------------------------------------------------------------------
Detailed RTL Component Info : 
+---Adders : 
	   2 Input    6 Bit       Adders := 1     
+---Registers : 
	                6 Bit    Registers := 1     
	                3 Bit    Registers := 3     
	                1 Bit    Registers := 8     
+---Muxes : 
	   2 Input    6 Bit        Muxes := 1     
	   2 Input    1 Bit        Muxes := 1     
---------------------------------------------------------------------------------
Finished RTL Component Statistics 
---------------------------------------------------------------------------------
---------------------------------------------------------------------------------
Start Part Resource Summary
---------------------------------------------------------------------------------
Part Resources:
DSPs: 360 (col length:72)
BRAMs: 432 (col length: RAMB18 72 RAMB36 36)
---------------------------------------------------------------------------------
Finished Part Resource Summary
---------------------------------------------------------------------------------
---------------------------------------------------------------------------------
Start Cross Boundary and Area Optimization
---------------------------------------------------------------------------------
WARNING: [Synth 8-7080] Parallel synthesis criteria is not met
WARNING: [Synth 8-3332] Sequential element (EXT_LPF/ACTIVE_LOW_EXT.ACT_LO_EXT/GENERATE_LEVEL_P_S_CDC.SINGLE_BIT.CROSS_PLEVEL_IN2SCNDRY_s_level_out_d5) is unused and will be removed from module proc_sys_reset.
WARNING: [Synth 8-3332] Sequential element (EXT_LPF/ACTIVE_LOW_EXT.ACT_LO_EXT/GENERATE_LEVEL_P_S_CDC.SINGLE_BIT.CROSS_PLEVEL_IN2SCNDRY_s_level_out_d6) is unused and will be removed from module proc_sys_reset.
WARNING: [Synth 8-3332] Sequential element (EXT_LPF/ACTIVE_LOW_AUX.ACT_LO_AUX/GENERATE_LEVEL_P_S_CDC.SINGLE_BIT.CROSS_PLEVEL_IN2SCNDRY_s_level_out_d5) is unused and will be removed from module proc_sys_reset.
WARNING: [Synth 8-3332] Sequential element (EXT_LPF/ACTIVE_LOW_AUX.ACT_LO_AUX/GENERATE_LEVEL_P_S_CDC.SINGLE_BIT.CROSS_PLEVEL_IN2SCNDRY_s_level_out_d6) is unused and will be removed from module proc_sys_reset.
---------------------------------------------------------------------------------
Finished Cross Boundary and Area Optimization : Time (s): cpu = 00:00:44 ; elapsed = 00:01:00 . Memory (MB): peak = 2004.539 ; gain = 590.746
---------------------------------------------------------------------------------
---------------------------------------------------------------------------------
Start Applying XDC Timing Constraints
---------------------------------------------------------------------------------
---------------------------------------------------------------------------------
Finished Applying XDC Timing Constraints : Time (s): cpu = 00:01:04 ; elapsed = 00:01:33 . Memory (MB): peak = 2424.895 ; gain = 1011.102
---------------------------------------------------------------------------------
---------------------------------------------------------------------------------
Start Timing Optimization
---------------------------------------------------------------------------------
---------------------------------------------------------------------------------
Finished Timing Optimization : Time (s): cpu = 00:01:04 ; elapsed = 00:01:33 . Memory (MB): peak = 2424.969 ; gain = 1011.176
---------------------------------------------------------------------------------
---------------------------------------------------------------------------------
Start Technology Mapping
---------------------------------------------------------------------------------
---------------------------------------------------------------------------------
Finished Technology Mapping : Time (s): cpu = 00:01:04 ; elapsed = 00:01:33 . Memory (MB): peak = 2453.605 ; gain = 1039.812
---------------------------------------------------------------------------------
---------------------------------------------------------------------------------
Start IO Insertion
---------------------------------------------------------------------------------
---------------------------------------------------------------------------------
Start Flattening Before IO Insertion
---------------------------------------------------------------------------------
---------------------------------------------------------------------------------
Finished Flattening Before IO Insertion
---------------------------------------------------------------------------------
---------------------------------------------------------------------------------
Start Final Netlist Cleanup
---------------------------------------------------------------------------------
---------------------------------------------------------------------------------
Finished Final Netlist Cleanup
---------------------------------------------------------------------------------
---------------------------------------------------------------------------------
Finished IO Insertion : Time (s): cpu = 00:01:14 ; elapsed = 00:01:44 . Memory (MB): peak = 2453.605 ; gain = 1039.812
---------------------------------------------------------------------------------
---------------------------------------------------------------------------------
Start Renaming Generated Instances
---------------------------------------------------------------------------------
---------------------------------------------------------------------------------
Finished Renaming Generated Instances : Time (s): cpu = 00:01:14 ; elapsed = 00:01:44 . Memory (MB): peak = 2453.605 ; gain = 1039.812
---------------------------------------------------------------------------------
---------------------------------------------------------------------------------
Start Rebuilding User Hierarchy
---------------------------------------------------------------------------------
---------------------------------------------------------------------------------
Finished Rebuilding User Hierarchy : Time (s): cpu = 00:01:14 ; elapsed = 00:01:44 . Memory (MB): peak = 2453.605 ; gain = 1039.812
---------------------------------------------------------------------------------
---------------------------------------------------------------------------------
Start Renaming Generated Ports
---------------------------------------------------------------------------------
---------------------------------------------------------------------------------
Finished Renaming Generated Ports : Time (s): cpu = 00:01:14 ; elapsed = 00:01:44 . Memory (MB): peak = 2453.605 ; gain = 1039.812
---------------------------------------------------------------------------------
---------------------------------------------------------------------------------
Start Handling Custom Attributes
---------------------------------------------------------------------------------
---------------------------------------------------------------------------------
Finished Handling Custom Attributes : Time (s): cpu = 00:01:14 ; elapsed = 00:01:44 . Memory (MB): peak = 2453.605 ; gain = 1039.812
---------------------------------------------------------------------------------
---------------------------------------------------------------------------------
Start Renaming Generated Nets
---------------------------------------------------------------------------------
---------------------------------------------------------------------------------
Finished Renaming Generated Nets : Time (s): cpu = 00:01:14 ; elapsed = 00:01:44 . Memory (MB): peak = 2453.605 ; gain = 1039.812
---------------------------------------------------------------------------------
---------------------------------------------------------------------------------
Start Writing Synthesis Report
---------------------------------------------------------------------------------

Report BlackBoxes: 
+-+--------------+----------+
| |BlackBox name |Instances |
+-+--------------+----------+
+-+--------------+----------+

Report Cell Usage: 
+------+------+------+
|      |Cell  |Count |
+------+------+------+
|1     |LUT1  |     5|
|2     |LUT2  |     9|
|3     |LUT3  |     1|
|4     |LUT4  |     6|
|5     |LUT5  |     3|
|6     |LUT6  |     1|
|7     |SRL16 |     1|
|8     |FDR   |     8|
|9     |FDRE  |    28|
|10    |FDSE  |     4|
+------+------+------+
---------------------------------------------------------------------------------
Finished Writing Synthesis Report : Time (s): cpu = 00:01:14 ; elapsed = 00:01:44 . Memory (MB): peak = 2453.605 ; gain = 1039.812
---------------------------------------------------------------------------------
Synthesis finished with 0 errors, 0 critical warnings and 5 warnings.
Synthesis Optimization Runtime : Time (s): cpu = 00:00:43 ; elapsed = 00:01:28 . Memory (MB): peak = 2453.605 ; gain = 939.219
Synthesis Optimization Complete : Time (s): cpu = 00:01:14 ; elapsed = 00:01:45 . Memory (MB): peak = 2453.605 ; gain = 1039.812
INFO: [Project 1-571] Translating synthesized netlist
Netlist sorting complete. Time (s): cpu = 00:00:00 ; elapsed = 00:00:00 . Memory (MB): peak = 2453.605 ; gain = 0.000
INFO: [Netlist 29-17] Analyzing 9 Unisim elements for replacement
INFO: [Netlist 29-28] Unisim Transformation completed in 0 CPU seconds
INFO: [Project 1-570] Preparing netlist for logic optimization
INFO: [Opt 31-138] Pushed 0 inverter(s) to 0 load pin(s).
Netlist sorting complete. Time (s): cpu = 00:00:00 ; elapsed = 00:00:00 . Memory (MB): peak = 2490.695 ; gain = 0.000
INFO: [Project 1-111] Unisim Transformation Summary:
  A total of 9 instances were transformed.
  FDR => FDRE: 8 instances
  SRL16 => SRL16E: 1 instance 

The system cannot find the path specified.
Synth Design complete | Checksum: ffbf0124
INFO: [Common 17-83] Releasing license: Synthesis
50 Infos, 10 Warnings, 0 Critical Warnings and 0 Errors encountered.
synth_design completed successfully
synth_design: Time (s): cpu = 00:01:29 ; elapsed = 00:02:14 . Memory (MB): peak = 2490.695 ; gain = 1977.676
Write ShapeDB Complete: Time (s): cpu = 00:00:00 ; elapsed = 00:00:00.005 . Memory (MB): peak = 2490.695 ; gain = 0.000
INFO: [Common 17-1381] The checkpoint 'C:/Users/ianng/OneDrive/Desktop/NUS/Y3S2/CG4002/cg4002-ai/indiv/indiv.runs/design_1_rst_ps8_0_96M_0_synth_1/design_1_rst_ps8_0_96M_0.dcp' has been generated.
INFO: [Coretcl 2-1648] Added synthesis output to IP cache for IP design_1_rst_ps8_0_96M_0, cache-ID = 59ed43c34b6fe769
INFO: [Coretcl 2-1174] Renamed 6 cell refs.
Write ShapeDB Complete: Time (s): cpu = 00:00:00 ; elapsed = 00:00:00.002 . Memory (MB): peak = 2490.695 ; gain = 0.000
INFO: [Common 17-1381] The checkpoint 'C:/Users/ianng/OneDrive/Desktop/NUS/Y3S2/CG4002/cg4002-ai/indiv/indiv.runs/design_1_rst_ps8_0_96M_0_synth_1/design_1_rst_ps8_0_96M_0.dcp' has been generated.
INFO: [runtcl-4] Executing : report_utilization -file design_1_rst_ps8_0_96M_0_utilization_synth.rpt -pb design_1_rst_ps8_0_96M_0_utilization_synth.pb
INFO: [Common 17-206] Exiting Vivado at Mon Feb 12 02:43:20 2024...
